<?xml version="1.0" encoding="UTF-8" ?>
<testsuite tests="5" failures="0" name="algorithm.StringSequenceTest" time="0.181" errors="0" skipped="0">
  <properties>
[...]
</properties>
  <testcase classname="algorithm.StringSequenceTest" name="testNoSequenceStrings" time="0.014"/>
  <testcase classname="algorithm.StringSequenceTest" name="testRandomString" time="0.164"/>
  <testcase classname="algorithm.StringSequenceTest" name="testShortStrings" time="0.001"/>
  <testcase classname="algorithm.StringSequenceTest" name="testInvalidStrings" time="0.001"/>
  <testcase classname="algorithm.StringSequenceTest" name="testMultiSequenceStrings" time="0.001"/>
</testsuite>